<?xml version="1.0" encoding="UTF-8"?>
<!-- Generated by org.testng.reporters.JUnitReportReporter -->
<testsuite hostname="DESKTOP-K1ALJR5" failures="0" tests="1" name="ValidateSaveVersion" time="35.889" errors="0" timestamp="2024-01-10T12:23:38 IST" skipped="0">
  <testcase classname="ValidateSaveVersion" name="save" time="35.889"/>
</testsuite> <!-- ValidateSaveVersion -->
