<?xml version="1.0" encoding="UTF-8"?>
<!-- Generated by org.testng.reporters.JUnitReportReporter -->
<testsuite hostname="DESKTOP-K1ALJR5" failures="0" tests="1" name="LoginandSecurity" time="8.767" errors="0" timestamp="2024-01-10T11:30:02 IST" skipped="0">
  <testcase classname="LoginandSecurity" name="loginTest" time="8.767"/>
</testsuite> <!-- LoginandSecurity -->
