<?xml version="1.0" encoding="UTF-8"?>
<!-- Generated by org.testng.reporters.JUnitReportReporter -->
<testsuite hostname="DESKTOP-K1ALJR5" failures="0" tests="1" name="CustomOrder16889" time="23.224" errors="0" timestamp="2024-01-10T14:46:06 IST" skipped="0">
  <testcase classname="CustomOrder16889" name="order" time="23.224"/>
</testsuite> <!-- CustomOrder16889 -->
