<?xml version="1.0" encoding="UTF-8"?>
<!-- Generated by org.testng.reporters.JUnitReportReporter -->
<testsuite hostname="DESKTOP-K1ALJR5" failures="0" tests="1" name="Common.DiagramInserting" time="3.680" errors="0" timestamp="2023-12-13T11:28:02 IST" skipped="0">
  <testcase classname="Common.DiagramInserting" name="setUp" time="3.680"/>
</testsuite> <!-- Common.DiagramInserting -->
