<?xml version="1.0" encoding="UTF-8"?>
<!-- Generated by org.testng.reporters.JUnitReportReporter -->
<testsuite hostname="DESKTOP-K1ALJR5" failures="0" tests="1" name="Stack" time="61.617" errors="0" timestamp="2024-01-10T12:32:59 IST" skipped="0">
  <testcase classname="Stack" name="stack" time="61.617"/>
</testsuite> <!-- Stack -->
