<?xml version="1.0" encoding="UTF-8"?>
<!-- Generated by org.testng.reporters.JUnitReportReporter -->
<testsuite hostname="DESKTOP-K1ALJR5" failures="0" tests="1" name="DocsToPdf" time="17.812" errors="0" timestamp="2024-01-10T14:46:06 IST" skipped="0">
  <testcase classname="DocsToPdf" name="documents" time="17.812"/>
</testsuite> <!-- DocsToPdf -->
