<?xml version="1.0" encoding="UTF-8"?>
<!-- Generated by org.testng.reporters.JUnitReportReporter -->
<testsuite hostname="DESKTOP-K1ALJR5" failures="0" tests="1" name="Validatepitchcreation4176" time="65.840" errors="0" timestamp="2024-01-10T14:46:06 IST" skipped="0">
  <testcase classname="Validatepitchcreation4176" name="outline" time="65.840"/>
</testsuite> <!-- Validatepitchcreation4176 -->
