<?xml version="1.0" encoding="UTF-8"?>
<!-- Generated by org.testng.reporters.JUnitReportReporter -->
<testsuite hostname="DESKTOP-K1ALJR5" failures="0" tests="1" name="InsertingCharts" time="50.271" errors="0" timestamp="2024-01-10T14:46:06 IST" skipped="0">
  <testcase classname="InsertingCharts" name="charts" time="50.271"/>
</testsuite> <!-- InsertingCharts -->
