<?xml version="1.0" encoding="UTF-8"?>
<!-- Generated by org.testng.reporters.JUnitReportReporter -->
<testsuite hostname="DESKTOP-K1ALJR5" failures="0" tests="1" name="Validatedisplay" time="48.684" errors="0" timestamp="2024-01-10T14:46:06 IST" skipped="0">
  <testcase classname="Validatedisplay" name="display" time="48.684"/>
</testsuite> <!-- Validatedisplay -->
