<?xml version="1.0" encoding="UTF-8"?>
<!-- Generated by org.testng.reporters.JUnitReportReporter -->
<testsuite hostname="DESKTOP-K1ALJR5" failures="0" tests="1" name="ImageStack" time="32.700" errors="0" timestamp="2023-12-20T10:24:06 IST" skipped="0">
  <testcase classname="ImageStack" name="loginTest" time="32.700"/>
</testsuite> <!-- ImageStack -->
