<?xml version="1.0" encoding="UTF-8"?>
<!-- Generated by org.testng.reporters.JUnitReportReporter -->
<testsuite hostname="DESKTOP-K1ALJR5" failures="0" tests="3" name="InsertingCovers" time="65.085" errors="0" timestamp="2024-01-21T19:02:32 IST" skipped="0">
  <testcase classname="InsertingCovers" name="variation" time="11.528">
    <system-out>
      <![CDATA[Clicked on theme palette
Navigate to Outline screen successfully
Test case passed]]>
    </system-out>
  </testcase> <!-- variation -->
  <testcase classname="InsertingCovers" name="sectionbreak" time="44.658">
    <system-out>
      <![CDATA[Chrome driver setup is complete
click on Add slide
Clicked on browse template
click on add image is successfull
Clicked on bookend asset
Clicked on explore styles
Clicked on variation
coverimage added successfully]]>
    </system-out>
  </testcase> <!-- sectionbreak -->
  <testcase classname="InsertingCovers" name="settings" time="8.899">
    <system-out>
      <![CDATA[Clicked on floater settings
Clicked on variation
coverimage added successfully
Clicked on apply style]]>
    </system-out>
  </testcase> <!-- settings -->
  <system-out>
    <![CDATA[Chrome driver setup is complete
click on Add slide
Clicked on browse template
click on add image is successfull
Clicked on bookend asset
Clicked on explore styles
Clicked on variation
coverimage added successfully
Clicked on floater settings
Clicked on variation
coverimage added successfully
Clicked on apply style
Clicked on theme palette
Navigate to Outline screen successfully
Test case passed]]>
  </system-out>
</testsuite> <!-- InsertingCovers -->
