<?xml version="1.0" encoding="UTF-8"?>
<!-- Generated by org.testng.reporters.JUnitReportReporter -->
<testsuite hostname="DESKTOP-K1ALJR5" failures="0" tests="2" name="ValidateCalendar" time="45.732" errors="0" timestamp="2024-01-22T10:37:05 IST" skipped="0">
  <testcase classname="ValidateCalendar" name="settings" time="21.039">
    <system-out>
      <![CDATA[Clicked on timeline asset
calendarimage added successfully
Event added successfully
Test case passed]]>
    </system-out>
  </testcase> <!-- settings -->
  <testcase classname="ValidateCalendar" name="calendarvalidate" time="24.693">
    <system-out>
      <![CDATA[Chrome driver setup is complete
click on Add slide
Clicked on browse template
click on add image is successfull]]>
    </system-out>
  </testcase> <!-- calendarvalidate -->
  <system-out>
    <![CDATA[Chrome driver setup is complete
click on Add slide
Clicked on browse template
click on add image is successfull
Clicked on timeline asset
calendarimage added successfully
Event added successfully
Test case passed]]>
  </system-out>
</testsuite> <!-- ValidateCalendar -->
