<?xml version="1.0" encoding="UTF-8"?>
<!-- Generated by org.testng.reporters.JUnitReportReporter -->
<testsuite hostname="DESKTOP-K1ALJR5" failures="0" tests="6" name="DiagramProperties4183" time="69.611" errors="0" timestamp="2024-01-19T17:36:11 IST" skipped="0">
  <testcase classname="DiagramProperties4183" name="settings" time="3.897">
    <system-out>
      <![CDATA[Clicked on theme palette
Test case passed]]>
    </system-out>
  </testcase> <!-- settings -->
  <testcase classname="DiagramProperties4183" name="properties" time="3.769">
    <system-out>
      <![CDATA[Points added succcessfully]]>
    </system-out>
  </testcase> <!-- properties -->
  <testcase classname="DiagramProperties4183" name="diagramdoc" time="29.141">
    <system-out>
      <![CDATA[click on Add slide
Clicked on browse template
click on add image is successfull
Clicked on variation
diagram added successfully]]>
    </system-out>
  </testcase> <!-- diagramdoc -->
  <testcase classname="DiagramProperties4183" name="diagram" time="20.058">
    <system-out>
      <![CDATA[Chrome driver setup is complete
Open the diagram document]]>
    </system-out>
  </testcase> <!-- diagram -->
  <testcase classname="DiagramProperties4183" name="diagramproperties" time="10.117">
    <system-out>
      <![CDATA[Properties added
Clicked on floater settings
Floater settings added]]>
    </system-out>
  </testcase> <!-- diagramproperties -->
  <testcase classname="DiagramProperties4183" name="savetemplate" time="2.629"/>
  <system-out>
    <![CDATA[Chrome driver setup is complete
Open the diagram document
click on Add slide
Clicked on browse template
click on add image is successfull
Clicked on variation
diagram added successfully
Properties added
Clicked on floater settings
Floater settings added
Points added succcessfully
Clicked on theme palette
Test case passed]]>
  </system-out>
</testsuite> <!-- DiagramProperties4183 -->
