<?xml version="1.0" encoding="UTF-8"?>
<!-- Generated by org.testng.reporters.JUnitReportReporter -->
<testsuite hostname="DESKTOP-K1ALJR5" failures="0" tests="1" name="Common.Cover" time="15.287" errors="0" timestamp="2023-12-21T14:56:28 IST" skipped="0">
  <testcase classname="Common.Cover" name="loginTest" time="15.287"/>
</testsuite> <!-- Common.Cover -->
