<?xml version="1.0" encoding="UTF-8"?>
<!-- Generated by org.testng.reporters.JUnitReportReporter -->
<testsuite hostname="DESKTOP-K1ALJR5" failures="0" tests="1" name="Common.Inserts" time="3.020" errors="0" timestamp="2023-12-06T18:13:16 IST" skipped="0">
  <testcase classname="Common.Inserts" name="setUp" time="3.020"/>
</testsuite> <!-- Common.Inserts -->
