<?xml version="1.0" encoding="UTF-8"?>
<!-- Generated by org.testng.reporters.JUnitReportReporter -->
<testsuite hostname="DESKTOP-K1ALJR5" failures="0" tests="2" name="InsertingCharts" time="58.246" errors="0" timestamp="2024-01-22T09:55:29 IST" skipped="0">
  <testcase classname="InsertingCharts" name="charts" time="42.059">
    <system-out>
      <![CDATA[Chrome driver setup is complete
click on Add slide
Clicked on browse template
click on add image is successfull]]>
    </system-out>
  </testcase> <!-- charts -->
  <testcase classname="InsertingCharts" name="chartsettings" time="16.187">
    <system-out>
      <![CDATA[Clicked on floater settings
Quote properties added
leftimage added successfully
Clicked on apply style
Test case passed]]>
    </system-out>
  </testcase> <!-- chartsettings -->
  <system-out>
    <![CDATA[Chrome driver setup is complete
click on Add slide
Clicked on browse template
click on add image is successfull
Clicked on floater settings
Quote properties added
leftimage added successfully
Clicked on apply style
Test case passed]]>
  </system-out>
</testsuite> <!-- InsertingCharts -->
