<?xml version="1.0" encoding="UTF-8"?>
<!-- Generated by org.testng.reporters.JUnitReportReporter -->
<testsuite hostname="DESKTOP-K1ALJR5" failures="0" tests="4" name="Stack" time="58.496" errors="0" timestamp="2024-01-22T11:20:01 IST" skipped="0">
  <testcase classname="Stack" name="setupapp" time="8.189">
    <system-out>
      <![CDATA[Chrome driver setup is complete]]>
    </system-out>
  </testcase> <!-- setupapp -->
  <testcase classname="Stack" name="stackasset" time="32.659">
    <system-out>
      <![CDATA[click on Add slide
Clicked on browse template
click on add image is successfull
Clicked on productscreen asset
stack added successfully]]>
    </system-out>
  </testcase> <!-- stackasset -->
  <testcase classname="Stack" name="assetproperties" time="5.783">
    <system-out>
      <![CDATA[Points added succcessfully]]>
    </system-out>
  </testcase> <!-- assetproperties -->
  <testcase classname="Stack" name="chooseasset" time="11.865">
    <system-out>
      <![CDATA[diagram added successfully
Clicked on apply style]]>
    </system-out>
  </testcase> <!-- chooseasset -->
  <system-out>
    <![CDATA[Chrome driver setup is complete
click on Add slide
Clicked on browse template
click on add image is successfull
Clicked on productscreen asset
stack added successfully
Points added succcessfully
diagram added successfully
Clicked on apply style]]>
  </system-out>
</testsuite> <!-- Stack -->
