<?xml version="1.0" encoding="UTF-8"?>
<!-- Generated by org.testng.reporters.JUnitReportReporter -->
<testsuite hostname="DESKTOP-K1ALJR5" failures="0" tests="3" name="ValidateQuote" time="49.006" errors="0" timestamp="2024-01-22T10:13:21 IST" skipped="0">
  <testcase classname="ValidateQuote" name="variation" time="2.090">
    <system-out>
      <![CDATA[Test case passed]]>
    </system-out>
  </testcase> <!-- variation -->
  <testcase classname="ValidateQuote" name="quoteproperties" time="12.925">
    <system-out>
      <![CDATA[Clicked on variation
quoteimage added successfully
Clicked on apply style]]>
    </system-out>
  </testcase> <!-- quoteproperties -->
  <testcase classname="ValidateQuote" name="quote" time="33.991">
    <system-out>
      <![CDATA[Chrome driver setup is complete
Quote doc opened successfully
click on Add slide
Clicked on browse template
click on add image is successfull
quoteimage added successfully]]>
    </system-out>
  </testcase> <!-- quote -->
  <system-out>
    <![CDATA[Chrome driver setup is complete
Quote doc opened successfully
click on Add slide
Clicked on browse template
click on add image is successfull
quoteimage added successfully
Clicked on variation
quoteimage added successfully
Clicked on apply style
Test case passed]]>
  </system-out>
</testsuite> <!-- ValidateQuote -->
