<?xml version="1.0" encoding="UTF-8"?>
<!-- Generated by org.testng.reporters.JUnitReportReporter -->
<testsuite hostname="DESKTOP-K1ALJR5" failures="0" tests="3" name="SectionBreak" time="49.736" errors="0" timestamp="2024-01-21T19:18:42 IST" skipped="0">
  <testcase classname="SectionBreak" name="variation" time="8.780">
    <system-out>
      <![CDATA[Clicked on theme palette
Navigate to Outline screen successfully
Test case passed]]>
    </system-out>
  </testcase> <!-- variation -->
  <testcase classname="SectionBreak" name="settings" time="6.829">
    <system-out>
      <![CDATA[Clicked on floater settings
backgroundasset added successfully
Clicked on apply style]]>
    </system-out>
  </testcase> <!-- settings -->
  <testcase classname="SectionBreak" name="sectionbreak" time="34.127">
    <system-out>
      <![CDATA[Chrome driver setup is complete
click on Add slide
Clicked on browse template
click on add image is successfull
coverimage added successfully]]>
    </system-out>
  </testcase> <!-- sectionbreak -->
  <system-out>
    <![CDATA[Chrome driver setup is complete
click on Add slide
Clicked on browse template
click on add image is successfull
coverimage added successfully
Clicked on floater settings
backgroundasset added successfully
Clicked on apply style
Clicked on theme palette
Navigate to Outline screen successfully
Test case passed]]>
  </system-out>
</testsuite> <!-- SectionBreak -->
