<?xml version="1.0" encoding="UTF-8"?>
<!-- Generated by org.testng.reporters.JUnitReportReporter -->
<testsuite hostname="DESKTOP-K1ALJR5" failures="0" tests="1" name="DiagramProperties" time="41.685" errors="0" timestamp="2024-01-12T15:50:28 IST" skipped="0">
  <testcase classname="DiagramProperties" name="diagram" time="41.685">
    <system-out>
      <![CDATA[Clicked on add slide
Clicked on browse template
Points added succcessfully
Clicked on floater settings
Floater settings added
Clicked on deletebtn
Clicked on theme palette
Test case passed]]>
    </system-out>
  </testcase> <!-- diagram -->
  <system-out>
    <![CDATA[Clicked on add slide
Clicked on browse template
Points added succcessfully
Clicked on floater settings
Floater settings added
Clicked on deletebtn
Clicked on theme palette
Test case passed
Selecting a imagegrid documents
Clicked on add slide
Clicked on browse template
Clicked on stack asset
Clicked on floater settings
Properties added successfully
Text position added
Clicked on Hyperlink
Test case passed
Clicked on add slide
Clicked on browse template
Clicked on stack asset
Points added succcessfully
Clicked on theme palette
Clicked on style option
Test case passed
Clicked on add slide
Clicked on browse template
Clicked on floater settings
Quote properties added
Clicked on apply style
Test case passed
Clicked on add slide
Clicked on browse template
Clicked on bookend asset
Clicked on explore styles
Clicked on variation
Clicked on floater settings
Clicked on deletebtn
Clicked on variation
Clicked on apply style
Clicked on theme palette
Test case passed
Mail sent successfully
Clicked on sent invitebtn
Test case passed
Clicked on add slide
Clicked on browse template
Clicked on floater settings
Clicked on apply style
Clicked on deletebtn
Clicked on theme palette
Test case passed
Clicked on add slide
Clicked on browse template
Clicked on productscreen asset
Clicked on usebtn
Points added succcessfully
Clicked on deletebtn
Clicked on apply style
Clicked on theme palette
Test case passed
Clicked on add slide
Clicked on browse template
Clicked on agenda asset
Clicked on insert btn
Points added succcessfully
Test case passed
Clicked on add slide
Clicked on browse template
Clicked on add slide
Clicked on browse template
Clicked on variation
Clicked on floater settings
Floater settings added
Clicked on add slide
Clicked on browse template
Clicked on deletebtn
Test case passed
Clicked on add slide
Clicked on browse template
Clicked on Hyperlink
Clicked on deletebtn
Test case passed
Clicked on add slide
Clicked on browse template
Test case passed
Test case passed
Clicked on apply style
Clicked on deletebtn
Clicked on add slide
Clicked on browse template
Clicked on usebtn
Clicked on add slide
Clicked on browse template
Clicked on deletebtn
Clicked on add slide
Clicked on browse template
Clicked on usebtn
Points added succcessfully
Clicked on deletebtn
Test case passed
Clicked on add slide
Clicked on browse template
Clicked on variation
Clicked on apply style
Clicked on deletebtn
Clicked on style option
Test case passed
Clicked on members and groups
Clicked on invitemember workspace
Clicked on mail workspace
Clicked on sent invitebtn
Clicked on bacbtn
Clicked on selected status
Clicked on create folder
Clicked on folder name
Test case passed]]>
  </system-out>
</testsuite> <!-- DiagramProperties -->
