<?xml version="1.0" encoding="UTF-8"?>
<!-- Generated by org.testng.reporters.JUnitReportReporter -->
<testsuite hostname="DESKTOP-K1ALJR5" failures="0" tests="3" name="Validatedisplay" time="58.901" errors="0" timestamp="2024-01-22T11:32:09 IST" skipped="0">
  <testcase classname="Validatedisplay" name="settings" time="12.053">
    <system-out>
      <![CDATA[Clicked on floater settings
Floater settings added
click on Add slide
Clicked on browse template
click on add image is successfull]]>
    </system-out>
  </testcase> <!-- settings -->
  <testcase classname="Validatedisplay" name="display" time="32.022">
    <system-out>
      <![CDATA[Chrome driver setup is complete
click on Add slide
Clicked on browse template
click on add image is successfull]]>
    </system-out>
  </testcase> <!-- display -->
  <testcase classname="Validatedisplay" name="properties" time="14.826">
    <system-out>
      <![CDATA[click on Add slide
Clicked on browse template
click on add image is successfull
Clicked on variation
Agenda added successfully]]>
    </system-out>
  </testcase> <!-- properties -->
  <system-out>
    <![CDATA[Chrome driver setup is complete
click on Add slide
Clicked on browse template
click on add image is successfull
click on Add slide
Clicked on browse template
click on add image is successfull
Clicked on variation
Agenda added successfully
Clicked on floater settings
Floater settings added
click on Add slide
Clicked on browse template
click on add image is successfull]]>
  </system-out>
</testsuite> <!-- Validatedisplay -->
