<?xml version="1.0" encoding="UTF-8"?>
<!-- Generated by org.testng.reporters.JUnitReportReporter -->
<testsuite hostname="DESKTOP-K1ALJR5" failures="0" tests="1" name="UpgradePlan" time="1.509" errors="0" timestamp="2023-12-18T11:49:58 IST" skipped="0">
  <testcase classname="UpgradePlan" name="loginTest" time="1.509"/>
</testsuite> <!-- UpgradePlan -->
