<?xml version="1.0" encoding="UTF-8"?>
<!-- Generated by org.testng.reporters.JUnitReportReporter -->
<testsuite hostname="DESKTOP-K1ALJR5" failures="0" tests="2" name="ValidateAgenda" time="38.143" errors="0" timestamp="2024-01-21T19:30:17 IST" skipped="0">
  <testcase classname="ValidateAgenda" name="agendaValidate" time="26.402">
    <system-out>
      <![CDATA[Chrome driver setup is complete
click on Add slide
Clicked on browse template
click on add image is successfull]]>
    </system-out>
  </testcase> <!-- agendaValidate -->
  <testcase classname="ValidateAgenda" name="properties" time="11.741">
    <system-out>
      <![CDATA[Agenda added successfully
Clicked on insert btn
Test case passed]]>
    </system-out>
  </testcase> <!-- properties -->
  <system-out>
    <![CDATA[Chrome driver setup is complete
click on Add slide
Clicked on browse template
click on add image is successfull
Agenda added successfully
Clicked on insert btn
Test case passed]]>
  </system-out>
</testsuite> <!-- ValidateAgenda -->
