<?xml version="1.0" encoding="UTF-8"?>
<!-- Generated by org.testng.reporters.JUnitReportReporter -->
<testsuite hostname="DESKTOP-K1ALJR5" failures="0" tests="1" name="InsertedGraphics" time="49.679" errors="0" timestamp="2024-01-19T18:09:50 IST" skipped="0">
  <testcase classname="InsertedGraphics" name="graphics" time="49.679">
    <system-out>
      <![CDATA[Chrome driver setup is complete
click on Add slide
Clicked on browse template
click on add image is successfull
Clicked on variation
icon added successfully
Points added succcessfully
Clicked on theme palette
Test case passed]]>
    </system-out>
  </testcase> <!-- graphics -->
  <system-out>
    <![CDATA[Chrome driver setup is complete
click on Add slide
Clicked on browse template
click on add image is successfull
Clicked on variation
icon added successfully
Points added succcessfully
Clicked on theme palette
Test case passed]]>
  </system-out>
</testsuite> <!-- InsertedGraphics -->
