<?xml version="1.0" encoding="UTF-8"?>
<!-- Generated by org.testng.reporters.JUnitReportReporter -->
<testsuite hostname="DESKTOP-K1ALJR5" failures="0" tests="1" name="clipboard" time="17.434" errors="0" timestamp="2024-01-11T14:50:56 IST" skipped="0">
  <testcase classname="clipboard" name="copy" time="17.434"/>
</testsuite> <!-- clipboard -->
