<?xml version="1.0" encoding="UTF-8"?>
<!-- Generated by org.testng.reporters.JUnitReportReporter -->
<testsuite hostname="DESKTOP-K1ALJR5" failures="0" tests="4" name="ImageGrid" time="55.769" errors="0" timestamp="2024-01-19T17:17:05 IST" skipped="0">
  <testcase classname="ImageGrid" name="presentsettings" time="1.676">
    <system-out>
      <![CDATA[Test case passed]]>
    </system-out>
  </testcase> <!-- presentsettings -->
  <testcase classname="ImageGrid" name="grid" time="40.626">
    <system-out>
      <![CDATA[Chrome driver setup is complete
Selecting a imagegrid documents
click on Add slide
Clicked on browse template
click on add image is successfull
layout added successfully]]>
    </system-out>
  </testcase> <!-- grid -->
  <testcase classname="ImageGrid" name="imageproperties" time="3.617"/>
  <testcase classname="ImageGrid" name="imagesettings" time="9.850">
    <system-out>
      <![CDATA[Clicked on floater settings
Properties added successfully
Text position added
Properties added successfully
Clicked on Hyperlink]]>
    </system-out>
  </testcase> <!-- imagesettings -->
  <system-out>
    <![CDATA[Chrome driver setup is complete
Selecting a imagegrid documents
click on Add slide
Clicked on browse template
click on add image is successfull
layout added successfully
Clicked on floater settings
Properties added successfully
Text position added
Properties added successfully
Clicked on Hyperlink
Test case passed]]>
  </system-out>
</testsuite> <!-- ImageGrid -->
