<?xml version="1.0" encoding="UTF-8"?>
<!-- Generated by org.testng.reporters.JUnitReportReporter -->
<testsuite hostname="DESKTOP-K1ALJR5" failures="0" tests="1" name="OldDocs" time="23.961" errors="0" timestamp="2024-01-12T17:52:44 IST" skipped="0">
  <testcase classname="OldDocs" name="properties" time="23.961">
    <system-out>
      <![CDATA[Clicked on dropdown menu db
Clicked on Sharebtn
Clicked on present closebtn
Test case passed]]>
    </system-out>
  </testcase> <!-- properties -->
  <system-out>
    <![CDATA[Test case passed
Clicked on Sharebtn
Clicked on export
Select exportopdf
Test case passed
Clicked on dropdown menu db
Clicked on Sharebtn
Clicked on present closebtn
Test case passed
Entered facebook id
Entered instagram id
Clicked on contact
Test case passed]]>
  </system-out>
</testsuite> <!-- OldDocs -->
